SIM-SPPG INLINE FRONTEND BUNDLE START: [404095]
SIM-SPPG INLINE FRONTEND BUNDLE END: [433420]
<script id="sim-sppg-inline-frontend">: [404137]
'</table>' +: [402367, 402749, 403298, 404071]
</body></html>: [433460]
</body>: [433460, 566711]

--- bundle start context ---
er;color:#be123c;">Dok. Tdk Lengkap</th>' +
    '<th style="text-align:right;color:#be123c;">Nominal Tdk Lengkap</th>' +
    '<th style="text-align:center;color:#92400e;">Tanpa Bukti</th>' +
    '<th style="text-align:center;color:#92400e;">Tanpa Nota</th>' +
    '</tr></thead>' +
    '<tbody>' + sppgRows + '</tbody>' +
    '</table>' +
    '
<!-- SIM-SPPG INLINE FRONTEND BUNDLE START -->
<script id="sim-sppg-inline-frontend">

/* ===== INLINE: app.js ===== */
(function () {
  'use strict';

  var style = document.createElement('style');
  style.id = 'sim-sppg-runtime-fixes';
  style.textContent = [
    '.auth-container .auth-sub{color:var(--slate-400);font-size:13px;margin-bottom:24px;text-align:center;line-height:1.5}',
    '#btnLogin{touch-action:manipulation;-webkit-tap-highlight-color:transparent;min-height:46px}',
    '.quick-access

--- first table tail context ---
t-align:center;">Bukti</th>' +
    '<th style="text-align:center;">Nota</th>' +
    '<th style="text-align:center;">TTD</th>' +
    '<th style="text-align:center;">Kelengkapan</th>' +
    '</tr></thead>' +
    '<tbody>' + rowsHtml + '</tbody>' +
    '</table>' +
    '<p class="section-title">Ringkasan 1 — Kumulatif per Metode Transaksi</p>' +
    '<table style="max-width:440px;">' +
    '<thead><tr>' +
    '<th>Metode Transaksi</th>' +
    '<th style="text-align:center;">Jumlah Transaksi</th>' +
    '<th style="text-align:right;">Total Nominal (Rp)</th>' +
    '</tr></thead>' +
    '<tbody>' + summaryRows + '</tbody>' +
    '</table>' +
    '<p class="section-title">Ringkasan 2 — Status Kelengkapan Dokumen</p>' +
    '<p style="font-size:9px;color:#64748b;margin:0 0 6px 0;">&#9432; TTD User diasumsikan selalu ada dan tidak dihitung sebagai kekurangan</p>' +
    '<table style="max-width:640px;">' +
    '<thead><tr>' +
    '<th>Status Kelengkapan</th>' +
    '<th style="text-align:center;">Jumlah</th>' +
    '<th style="text-align:right