inline_scripts=3

===== inline-1: hybrid_js_html=0 hybrid_html_js=0 =====
node_check_exit=0

===== inline-2: hybrid_js_html=0 hybrid_html_js=1 =====
[HTML_OPEN_JS_CLOSE #1] line=3607 chars=14579
  03607: <!--,.pdf" capture="environment" onchange="handleApprovalFile(this)">' +
  03608:       '<p class="form-hint"><i class="fas fa-info-circle"></i> Di HP akan langsung membuka kamera. Di desktop akan membuka file browser.</p>' +
  03609:     '</div>' +
  03610:     '<div class="form-group">' +
  03611:       '<label class="form-label">Catatan Approval (Opsional)</label>' +
  03612:       '<textarea id="approvalCatatan" class="form-input" placeholder="Catatan untuk user..."></textarea>' +
  03613:     '</div>' +
  03614:     '<div class="form-group">' +
  03615:       '<label class="form-label">Tanda Tangan Digital Verifikator</label>' +
  03616:       '<div class="canvas-container" id="approvalTtdWrap"><canvas id="approvalTtdCanvas"></canvas></div>' +
  03617:       '<div class="canvas-actions">' +
  03618:         '<button type="button" onclick="clearApprovalCanvas()"><i class="fas fa-eraser"></i> Hapus</button>' +
node_check_exit=0

===== inline-3: hybrid_js_html=0 hybrid_html_js=0 =====
node_check_exit=0
