inline_scripts=3

===== inline-1 exit=0 lines=28 =====

===== inline-2 exit=1 lines=6449 =====
/tmp/inline-2.js:6450



SyntaxError: Unexpected end of input
    at wrapSafe (node:internal/modules/cjs/loader:1713:18)
    at checkSyntax (node:internal/main/check_syntax:78:3)

Node.js v22.23.1

--- context 6430-6449 ---
06430:   document.body.style.overflow = '';
06431:   document.body.style.position = '';
06432: 
06433:   if (checkSession()) {
06434:     document.getElementById('authOverlay').classList.add('hidden');
06435:     document.getElementById('appContainer').classList.remove('hidden');
06436:     initApp();
06437:   }
06438: 
06439:   document.addEventListener('keydown', function(e) {
06440:     if (e.key === 'Escape') {
06441:       closeLightbox();
06442:       // Tutup modal teratas yang sedang terbuka (selain lightbox, yang sudah ditangani di atas)
06443:       var openModals = document.querySelectorAll('[id^="modal"]:not(.hidden)');
06444:       if (openModals.length > 0) {
06445:         var topModal = openModals[openModals.length - 1];
06446:         closeModal(topModal.id);
06447:       }
06448:     }
06449:   });

===== inline-3 exit=0 lines=294 =====

all_scripts_ok=False
